1207 [main] INFO  com.plateer.BoardBootApplication - Starting BoardBootApplication on DESKTOP-2TTF77C with PID 10192 (C:\Users\notebiz\Desktop\git\shoppingmall_board\shoppingmall_board-boot\target\classes started by notebiz in C:\Users\notebiz\Desktop\git\shoppingmall_board)
1211 [main] DEBUG com.plateer.BoardBootApplication - Running with Spring Boot v2.2.5.RELEASE, Spring v5.2.4.RELEASE
1225 [main] INFO  com.plateer.BoardBootApplication - No active profile set, falling back to default profiles: default
2744 [main] INFO  com.plateer.BoardBootApplication - Started BoardBootApplication in 2.255 seconds (JVM running for 3.863)
2745 [main] ERROR com.plateer.BoardBootApplication - hello
1153 [main] INFO  com.plateer.BoardBootApplication - Starting BoardBootApplication on DESKTOP-2TTF77C with PID 16468 (C:\Users\notebiz\Desktop\git\shoppingmall_board\shoppingmall_board-boot\target\classes started by notebiz in C:\Users\notebiz\Desktop\git\shoppingmall_board)
1157 [main] DEBUG com.plateer.BoardBootApplication - Running with Spring Boot v2.2.5.RELEASE, Spring v5.2.4.RELEASE
1158 [main] INFO  com.plateer.BoardBootApplication - No active profile set, falling back to default profiles: default
2637 [main] INFO  com.plateer.BoardBootApplication - Started BoardBootApplication in 2.196 seconds (JVM running for 3.458)
2638 [main] ERROR com.plateer.BoardBootApplication - hello
980  [main] INFO  com.plateer.BoardBootApplication - Starting BoardBootApplication on DESKTOP-2TTF77C with PID 17148 (C:\Users\notebiz\Desktop\git\shoppingmall_board\shoppingmall_board-boot\target\classes started by notebiz in C:\Users\notebiz\Desktop\git\shoppingmall_board)
993  [main] DEBUG com.plateer.BoardBootApplication - Running with Spring Boot v2.2.5.RELEASE, Spring v5.2.4.RELEASE
994  [main] INFO  com.plateer.BoardBootApplication - No active profile set, falling back to default profiles: default
2413 [main] INFO  com.plateer.BoardBootApplication - Started BoardBootApplication in 1.9 seconds (JVM running for 3.51)
2415 [main] ERROR com.plateer.BoardBootApplication - hello
849  [main] INFO  com.plateer.BoardBootApplication - Starting BoardBootApplication on DESKTOP-2TTF77C with PID 14596 (C:\Users\notebiz\Desktop\git\shoppingmall_board\shoppingmall_board-boot\target\classes started by notebiz in C:\Users\notebiz\Desktop\git\shoppingmall_board)
851  [main] DEBUG com.plateer.BoardBootApplication - Running with Spring Boot v2.2.5.RELEASE, Spring v5.2.4.RELEASE
852  [main] INFO  com.plateer.BoardBootApplication - No active profile set, falling back to default profiles: default
2268 [main] INFO  com.plateer.BoardBootApplication - Started BoardBootApplication in 1.901 seconds (JVM running for 3.151)
2270 [main] ERROR com.plateer.BoardBootApplication - hello
